<?xml version="1.0" encoding="UTF-8"?>
<!-- Generated by org.testng.reporters.JUnitXMLReporter -->
<testsuite hostname="A2M0014" ignored="0" name="Free CRM App Test Cases" tests="10" failures="0" timestamp="19 Jul 2018 08:21:04 GMT" time="281.113" errors="0">
  <testcase name="validateCreateNewContact" time="6.428" classname="com.crm.qa.testdata.ContactsPageTest"/>
  <testcase name="validateCreateNewContact" time="5.667" classname="com.crm.qa.testdata.ContactsPageTest"/>
  <testcase name="validateCreateNewContact" time="5.727" classname="com.crm.qa.testdata.ContactsPageTest"/>
  <testcase name="loginPageTitleTest" time="0.034" classname="com.crm.qa.testdata.LoginPageTest"/>
  <testcase name="verifyHomePagetitleTest" time="0.007" classname="com.crm.qa.testdata.HomePageTest"/>
  <testcase name="verifyContactsPageLabelTest" time="0.978" classname="com.crm.qa.testdata.ContactsPageTest"/>
  <testcase name="crmLogoImageTest" time="0.073" classname="com.crm.qa.testdata.LoginPageTest"/>
  <testcase name="verifyUserNameTest" time="0.091" classname="com.crm.qa.testdata.HomePageTest"/>
  <testcase name="loginTest" time="15.17" classname="com.crm.qa.testdata.LoginPageTest"/>
  <testcase name="clickContactsPageLinkTest" time="0.167" classname="com.crm.qa.testdata.HomePageTest"/>
</testsuite> <!-- Free CRM App Test Cases -->
