<?xml version="1.0" encoding="UTF-8"?>
<!-- Generated by org.testng.reporters.JUnitXMLReporter -->
<testsuite hostname="A2M0014" ignored="0" name="Default test" tests="3" failures="0" timestamp="18 Jul 2018 10:01:04 GMT" time="174.668" errors="0">
  <testcase name="verifyHomePagetitleTest" time="0.053" classname="com.crm.qa.testdata.HomePageTest"/>
  <testcase name="verifyUserNameTest" time="0.114" classname="com.crm.qa.testdata.HomePageTest"/>
  <testcase name="clickContactsPageLinkTest" time="0.206" classname="com.crm.qa.testdata.HomePageTest"/>
</testsuite> <!-- Default test -->
